2025-05-28 22:12:47,629 - EduLocker - INFO - === DÉMARRAGE EDULOCKER POC ===
2025-05-28 22:12:58,996 - EduLocker.Environment - INFO - Système détecté : Windows 10.0.19045
2025-05-28 22:12:58,996 - EduLocker.Environment - INFO - Architecture : AMD64
2025-05-28 22:13:01,669 - EduLocker - INFO - Démarrage confirmé par l'utilisateur
2025-05-28 22:13:01,670 - EduLocker - INFO - Initialisation du système de verrouillage...
2025-05-28 22:13:01,671 - EduLocker.Locker - INFO - SystemLocker initialisé avec configuration de comportement de verrouillage.
2025-05-28 22:13:01,671 - EduLocker - INFO - Démarrage du verrouillage système...
2025-05-28 22:13:01,674 - EduLocker.Locker - INFO - Début de la séquence de verrouillage
2025-05-28 22:13:04,704 - EduLocker.Locker - WARNING - Mode agressif activé. Application des verrouillages système.
2025-05-28 22:13:04,706 - EduLocker.Locker - ERROR - Erreur lors de la modification de l'état du Gestionnaire des Tâches : [WinError 5] Accès refusé
2025-05-28 22:13:04,713 - EduLocker.Locker - INFO - Barre des tâches masquée.
2025-05-28 22:13:04,715 - EduLocker.Locker - WARNING - Tentative de terminaison du processus explorer.exe (RISQUÉ !)
2025-05-28 22:13:05,027 - EduLocker.Locker - INFO - explorer.exe terminé avec succès.
2025-05-28 22:13:05,028 - EduLocker.Locker - INFO - Verrouillage système activé (interface)
2025-05-28 22:13:05,181 - EduLocker.Locker - INFO - Interface de verrouillage créée
2025-05-28 22:13:05,226 - EduLocker.Locker - INFO - Monitoring (potentiellement agressif) démarré
2025-05-28 22:13:05,236 - EduLocker.Locker - INFO - Démarrage de l'interface de verrouillage
2025-05-28 22:13:42,849 - EduLocker.Locker - INFO - Tentative de raccourci détectée : Control_L
2025-05-28 22:14:02,969 - EduLocker.Locker - INFO - Tentative de déverrouillage #1: HHH...
2025-05-28 22:14:02,973 - EduLocker.Locker - WARNING - Code incorrect: HHHH
2025-05-28 22:14:32,170 - EduLocker.Locker - INFO - Tentative de déverrouillage #2: UNL...
2025-05-28 22:14:32,174 - EduLocker.Locker - INFO - Code de déverrouillage correct
2025-05-28 22:14:32,175 - EduLocker.Locker - INFO - Déverrouillage du système - Raison: Code correct
2025-05-28 22:14:32,181 - EduLocker.Locker - WARNING - Mode agressif : Annulation des verrouillages système.
2025-05-28 22:14:32,183 - EduLocker.Locker - INFO - Tentative de redémarrage du processus explorer.exe.
2025-05-28 22:14:32,194 - EduLocker.Locker - INFO - Commande de redémarrage d'explorer.exe envoyée.
2025-05-28 22:14:32,199 - EduLocker.Locker - WARNING - Impossible de trouver le handle de la barre des tâches.
2025-05-28 22:14:32,202 - EduLocker.Locker - ERROR - Erreur lors de la modification de l'état du Gestionnaire des Tâches : [WinError 5] Accès refusé
2025-05-28 22:14:32,279 - EduLocker.Locker - INFO - Système déverrouillé avec succès
2025-05-28 22:14:32,306 - EduLocker.Locker - INFO - Interface de verrouillage fermée
2025-05-28 22:14:32,361 - EduLocker - INFO - === FIN EDULOCKER POC ===
