2025-05-28 22:28:34,155 - EduLocker - INFO - === DÉMARRAGE EDULOCKER POC ===
2025-05-28 22:28:39,341 - EduLocker.Environment - INFO - Système détecté : Windows 10.0.19045
2025-05-28 22:28:39,343 - EduLocker.Environment - INFO - Architecture : AMD64
2025-05-28 22:28:41,639 - EduLocker - INFO - Démarrage confirmé par l'utilisateur
2025-05-28 22:28:41,641 - EduLocker - INFO - Initialisation du système de verrouillage...
2025-05-28 22:28:41,642 - EduLocker.Locker - INFO - SystemLocker initialisé avec configuration de comportement de verrouillage.
2025-05-28 22:28:41,654 - EduLocker.PersistenceManager - INFO - Gestionnaire de persistance initialisé pour 'EduLockerServicePOC'
2025-05-28 22:28:41,656 - EduLocker.PersistenceManager - INFO - Chemin pour persistance : "C:\Users\mac\AppData\Local\Programs\Python\Python313\python.exe" "C:\Users\mac\Desktop\EduLocker\main.py" --locked-startup
2025-05-28 22:28:41,658 - EduLocker.PersistenceManager - INFO - Application des méthodes de persistance...
2025-05-28 22:28:41,670 - EduLocker.PersistenceManager - INFO - Clé de registre 'EduLockerServicePOC' ajoutée avec succès dans HKCU\Run.
2025-05-28 22:28:41,815 - EduLocker.PersistenceManager - ERROR - Erreur lors de la création de la tâche planifiée (code 2147500037): Erreurÿ: Argument ou option non valide - 'C:\Users\mac\Desktop\EduLocker\main.py'.
Entrez "SCHTASKS /CREATE /?" pour afficher la syntaxe.

2025-05-28 22:28:41,818 - EduLocker.PersistenceManager - WARNING - Au moins une méthode de persistance a échoué ou n'a pas été appliquée.
2025-05-28 22:28:41,822 - EduLocker - INFO - Démarrage du verrouillage système...
2025-05-28 22:28:41,824 - EduLocker.Locker - INFO - Début de la séquence de verrouillage
2025-05-28 22:28:45,116 - EduLocker.Locker - WARNING - Mode agressif activé. Application des verrouillages système.
2025-05-28 22:28:45,156 - EduLocker.Locker - ERROR - Erreur lors de la modification de l'état du Gestionnaire des Tâches : [WinError 5] Accès refusé
2025-05-28 22:28:45,166 - EduLocker.Locker - INFO - Barre des tâches masquée.
2025-05-28 22:28:45,171 - EduLocker.Locker - WARNING - Tentative de terminaison du processus explorer.exe (RISQUÉ !)
2025-05-28 22:28:45,394 - EduLocker.Locker - INFO - explorer.exe terminé avec succès.
2025-05-28 22:28:45,397 - EduLocker.Locker - INFO - Verrouillage système activé (interface)
2025-05-28 22:28:45,515 - EduLocker.Locker - INFO - Interface de verrouillage créée
2025-05-28 22:28:45,548 - EduLocker.Locker - INFO - Monitoring (potentiellement agressif) démarré
2025-05-28 22:28:45,558 - EduLocker.Locker - INFO - Démarrage de l'interface de verrouillage
2025-05-28 22:29:02,573 - EduLocker.Locker - INFO - Tentative de déverrouillage #1: UNL...
2025-05-28 22:29:02,577 - EduLocker.Locker - INFO - Code de déverrouillage correct
2025-05-28 22:29:02,578 - EduLocker.Locker - INFO - Déverrouillage du système - Raison: Code correct
2025-05-28 22:29:02,592 - EduLocker.Locker - WARNING - Mode agressif : Annulation des verrouillages système.
2025-05-28 22:29:02,596 - EduLocker.Locker - INFO - Tentative de redémarrage du processus explorer.exe.
2025-05-28 22:29:02,626 - EduLocker.Locker - INFO - Commande de redémarrage d'explorer.exe envoyée.
2025-05-28 22:29:02,628 - EduLocker.Locker - WARNING - Impossible de trouver le handle de la barre des tâches.
2025-05-28 22:29:02,636 - EduLocker.Locker - ERROR - Erreur lors de la modification de l'état du Gestionnaire des Tâches : [WinError 5] Accès refusé
2025-05-28 22:29:02,700 - EduLocker.Locker - INFO - Système déverrouillé avec succès
2025-05-28 22:29:02,761 - EduLocker.Locker - INFO - Interface de verrouillage fermée
2025-05-28 22:29:02,799 - EduLocker - INFO - === FIN EDULOCKER POC ===
