2025-05-28 23:09:25,545 - EduLocker - INFO - === DÉMARRAGE EDULOCKER POC ===
2025-05-28 23:09:30,634 - EduLocker.Environment - INFO - Système détecté : Windows 10.0.19045
2025-05-28 23:09:30,635 - EduLocker.Environment - INFO - Architecture : AMD64
2025-05-28 23:09:34,343 - EduLocker - INFO - Démarrage confirmé par l'utilisateur
2025-05-28 23:09:34,343 - EduLocker - INFO - Initialisation du système de verrouillage...
2025-05-28 23:09:34,343 - EduLocker.Locker - INFO - SystemLocker initialisé avec configuration de comportement de verrouillage.
2025-05-28 23:09:34,343 - EduLocker.PersistenceManager - INFO - Gestionnaire de persistance initialisé pour 'EduLockerServicePOC'
2025-05-28 23:09:34,344 - EduLocker.PersistenceManager - INFO - Chemin pour persistance : python "C:\Users\mac\Desktop\EduLocker\main.py" --locked-startup
2025-05-28 23:09:34,344 - EduLocker.PersistenceManager - INFO - Suppression des méthodes de persistance...
2025-05-28 23:09:34,345 - EduLocker.PersistenceManager - INFO - Clé de registre 'EduLockerServicePOC' supprimée avec succès de HKCU\Run.
2025-05-28 23:09:34,433 - EduLocker.PersistenceManager - ERROR - Erreur lors de la suppression de la tâche planifiée (code 1): Erreurÿ: Le fichier sp‚cifi‚ est introuvable.


2025-05-28 23:09:34,435 - EduLocker.PersistenceManager - WARNING - Au moins une méthode de suppression de persistance a échoué.
2025-05-28 23:09:34,435 - EduLocker.PersistenceManager - INFO - Application des méthodes de persistance...
2025-05-28 23:09:34,435 - EduLocker.PersistenceManager - INFO - Clé de registre 'EduLockerServicePOC' ajoutée avec succès dans HKCU\Run.
2025-05-28 23:09:34,554 - EduLocker.PersistenceManager - ERROR - Erreur lors de la création de la tâche planifiée (code 2147500037): Erreurÿ: Argument ou option non valide - 'C:\Users\mac\Desktop\EduLocker\main.py'.
Entrez "SCHTASKS /CREATE /?" pour afficher la syntaxe.

2025-05-28 23:09:34,557 - EduLocker.PersistenceManager - WARNING - Au moins une méthode de persistance a échoué ou n'a pas été appliquée.
2025-05-28 23:09:34,558 - EduLocker - INFO - Démarrage du verrouillage système...
2025-05-28 23:09:34,560 - EduLocker.Locker - INFO - Début de la séquence de verrouillage
2025-05-28 23:09:37,671 - EduLocker.Locker - WARNING - Mode agressif activé. Application des verrouillages système.
2025-05-28 23:09:37,673 - EduLocker.Locker - ERROR - Erreur lors de la modification de l'état du Gestionnaire des Tâches : [WinError 5] Accès refusé
2025-05-28 23:09:37,684 - EduLocker.Locker - INFO - Barre des tâches masquée.
2025-05-28 23:09:37,688 - EduLocker.Locker - WARNING - Tentative de terminaison du processus explorer.exe (RISQUÉ !)
2025-05-28 23:09:37,916 - EduLocker.Locker - INFO - explorer.exe terminé avec succès.
2025-05-28 23:09:37,919 - EduLocker.Locker - INFO - Verrouillage système activé (interface)
2025-05-28 23:09:38,838 - EduLocker.Locker - INFO - Interface de verrouillage créée
2025-05-28 23:09:38,841 - EduLocker.Locker - INFO - Monitoring (potentiellement agressif) démarré
2025-05-28 23:09:38,842 - EduLocker.Locker - INFO - Démarrage de l'interface de verrouillage
2025-05-28 23:09:45,847 - EduLocker.Locker - INFO - Tentative de déverrouillage #1: HAG...
2025-05-28 23:09:45,849 - EduLocker.Locker - WARNING - Code incorrect: HAGAGA
