2025-05-28 23:03:57,104 - EduLocker - INFO - === DÉMARRAGE EDULOCKER POC ===
2025-05-28 23:04:02,240 - EduLocker.Environment - INFO - Système détecté : Windows 10.0.19045
2025-05-28 23:04:02,245 - EduLocker.Environment - INFO - Architecture : AMD64
2025-05-28 23:04:04,204 - EduLocker - INFO - Démarrage confirmé par l'utilisateur
2025-05-28 23:04:04,206 - EduLocker - INFO - Initialisation du système de verrouillage...
2025-05-28 23:04:04,212 - EduLocker.Locker - INFO - SystemLocker initialisé avec configuration de comportement de verrouillage.
2025-05-28 23:04:04,228 - EduLocker.PersistenceManager - INFO - Gestionnaire de persistance initialisé pour 'EduLockerServicePOC'
2025-05-28 23:04:04,231 - EduLocker.PersistenceManager - INFO - Chemin pour persistance : python "C:\Users\mac\Desktop\EduLocker\main.py" --locked-startup
2025-05-28 23:04:04,232 - EduLocker.PersistenceManager - INFO - Application des méthodes de persistance...
2025-05-28 23:04:04,234 - EduLocker.PersistenceManager - INFO - Clé de registre 'EduLockerServicePOC' ajoutée avec succès dans HKCU\Run.
2025-05-28 23:04:04,347 - EduLocker.PersistenceManager - ERROR - Erreur lors de la création de la tâche planifiée (code 2147500037): Erreurÿ: Argument ou option non valide - 'C:\Users\mac\Desktop\EduLocker\main.py'.
Entrez "SCHTASKS /CREATE /?" pour afficher la syntaxe.

2025-05-28 23:04:04,355 - EduLocker.PersistenceManager - WARNING - Au moins une méthode de persistance a échoué ou n'a pas été appliquée.
2025-05-28 23:04:04,360 - EduLocker - INFO - Démarrage du verrouillage système...
2025-05-28 23:04:04,361 - EduLocker.Locker - INFO - Début de la séquence de verrouillage
2025-05-28 23:04:07,643 - EduLocker.Locker - WARNING - Mode agressif activé. Application des verrouillages système.
2025-05-28 23:04:07,645 - EduLocker.Locker - ERROR - Erreur lors de la modification de l'état du Gestionnaire des Tâches : [WinError 5] Accès refusé
2025-05-28 23:04:07,685 - EduLocker.Locker - INFO - Barre des tâches masquée.
2025-05-28 23:04:07,695 - EduLocker.Locker - WARNING - Tentative de terminaison du processus explorer.exe (RISQUÉ !)
2025-05-28 23:04:07,883 - EduLocker.Locker - INFO - explorer.exe terminé avec succès.
2025-05-28 23:04:07,887 - EduLocker.Locker - INFO - Verrouillage système activé (interface)
2025-05-28 23:04:08,064 - EduLocker.Locker - INFO - Interface de verrouillage créée
2025-05-28 23:04:08,116 - EduLocker.Locker - INFO - Monitoring (potentiellement agressif) démarré
2025-05-28 23:04:08,122 - EduLocker.Locker - INFO - Démarrage de l'interface de verrouillage
