2025-05-28 21:24:22,602 - EduLocker - INFO - === DÉMARRAGE EDULOCKER POC ===
2025-05-28 21:24:27,839 - EduLocker.Environment - INFO - Système détecté : Windows 10.0.19045
2025-05-28 21:24:27,840 - EduLocker.Environment - INFO - Architecture : AMD64
2025-05-28 21:24:29,524 - EduLocker - INFO - Démarrage confirmé par l'utilisateur
2025-05-28 21:24:29,525 - EduLocker - INFO - Initialisation du système de verrouillage...
2025-05-28 21:24:29,525 - EduLocker.Locker - INFO - SystemLocker initialisé avec configuration de comportement de verrouillage.
2025-05-28 21:24:29,525 - EduLocker - INFO - Démarrage du verrouillage système...
2025-05-28 21:24:29,526 - EduLocker.Locker - INFO - Début de la séquence de verrouillage
2025-05-28 21:24:32,562 - EduLocker.Locker - WARNING - Mode agressif activé. Application des verrouillages système.
2025-05-28 21:24:32,565 - EduLocker.Locker - ERROR - Erreur lors de la modification de l'état du Gestionnaire des Tâches : [WinError 5] Accès refusé
2025-05-28 21:24:32,575 - EduLocker.Locker - INFO - Barre des tâches masquée.
2025-05-28 21:24:32,578 - EduLocker.Locker - WARNING - Tentative de terminaison du processus explorer.exe (RISQUÉ !)
2025-05-28 21:24:32,794 - EduLocker.Locker - INFO - explorer.exe terminé avec succès.
2025-05-28 21:24:32,797 - EduLocker.Locker - INFO - Verrouillage système activé (interface)
2025-05-28 21:24:33,598 - EduLocker.Locker - INFO - Interface de verrouillage créée
2025-05-28 21:24:33,600 - EduLocker.Locker - INFO - Monitoring (potentiellement agressif) démarré
2025-05-28 21:24:33,601 - EduLocker.Locker - INFO - Démarrage de l'interface de verrouillage
2025-05-28 21:24:51,665 - EduLocker.Locker - INFO - Tentative de déverrouillage #1: UNL...
2025-05-28 21:24:51,669 - EduLocker.Locker - INFO - Code de déverrouillage correct
2025-05-28 21:24:51,670 - EduLocker.Locker - INFO - Déverrouillage du système - Raison: Code correct
2025-05-28 21:24:51,680 - EduLocker.Locker - WARNING - Mode agressif : Annulation des verrouillages système.
2025-05-28 21:24:51,680 - EduLocker.Locker - INFO - Tentative de redémarrage du processus explorer.exe.
2025-05-28 21:24:51,684 - EduLocker.Locker - INFO - Commande de redémarrage d'explorer.exe envoyée.
2025-05-28 21:24:51,684 - EduLocker.Locker - WARNING - Impossible de trouver le handle de la barre des tâches.
2025-05-28 21:24:51,685 - EduLocker.Locker - ERROR - Erreur lors de la modification de l'état du Gestionnaire des Tâches : [WinError 5] Accès refusé
2025-05-28 21:24:51,766 - EduLocker.Locker - INFO - Système déverrouillé avec succès
2025-05-28 21:24:51,871 - EduLocker.Locker - INFO - Interface de verrouillage fermée
2025-05-28 21:24:51,876 - EduLocker - INFO - === FIN EDULOCKER POC ===
