2025-05-28 22:53:31,103 - EduLocker - INFO - === DÉMARRAGE EDULOCKER POC ===
2025-05-28 22:53:36,173 - EduLocker.Environment - INFO - Système détecté : Windows 10.0.19045
2025-05-28 22:53:36,174 - EduLocker.Environment - INFO - Architecture : AMD64
2025-05-28 22:53:37,561 - EduLocker - INFO - Démarrage confirmé par l'utilisateur
2025-05-28 22:53:37,562 - EduLocker - INFO - Initialisation du système de verrouillage...
2025-05-28 22:53:37,562 - EduLocker.Locker - INFO - SystemLocker initialisé avec configuration de comportement de verrouillage.
2025-05-28 22:53:37,562 - EduLocker.PersistenceManager - INFO - Gestionnaire de persistance initialisé pour 'EduLockerServicePOC'
2025-05-28 22:53:37,563 - EduLocker.PersistenceManager - INFO - Chemin pour persistance : "C:\Users\mac\AppData\Local\Programs\Python\Python313\python.exe" "C:\Users\mac\Desktop\EduLocker\main.py" --locked-startup
2025-05-28 22:53:37,563 - EduLocker.PersistenceManager - INFO - Application des méthodes de persistance...
2025-05-28 22:53:37,566 - EduLocker.PersistenceManager - INFO - Clé de registre 'EduLockerServicePOC; "C:\Users\mac\AppData\Local\Programs\Python\Python313\python.exe" "C:\Users\mac\Desktop\EduLocker\main.py" --locked-startup' ajoutée avec succès dans HKCU\Run.
2025-05-28 22:53:37,675 - EduLocker.PersistenceManager - ERROR - Erreur lors de la création de la tâche planifiée (code 2147500037): Erreurÿ: Argument ou option non valide - 'C:\Users\mac\Desktop\EduLocker\main.py'.
Entrez "SCHTASKS /CREATE /?" pour afficher la syntaxe.

2025-05-28 22:53:37,676 - EduLocker.PersistenceManager - WARNING - Au moins une méthode de persistance a échoué ou n'a pas été appliquée.
2025-05-28 22:53:37,677 - EduLocker - INFO - Démarrage du verrouillage système...
2025-05-28 22:53:37,678 - EduLocker.Locker - INFO - Début de la séquence de verrouillage
2025-05-28 22:53:40,822 - EduLocker.Locker - WARNING - Mode agressif activé. Application des verrouillages système.
2025-05-28 22:53:40,824 - EduLocker.Locker - ERROR - Erreur lors de la modification de l'état du Gestionnaire des Tâches : [WinError 5] Accès refusé
2025-05-28 22:53:40,840 - EduLocker.Locker - INFO - Barre des tâches masquée.
2025-05-28 22:53:40,845 - EduLocker.Locker - WARNING - Tentative de terminaison du processus explorer.exe (RISQUÉ !)
2025-05-28 22:53:41,111 - EduLocker.Locker - INFO - explorer.exe terminé avec succès.
2025-05-28 22:53:41,114 - EduLocker.Locker - INFO - Verrouillage système activé (interface)
2025-05-28 22:53:42,015 - EduLocker.Locker - INFO - Interface de verrouillage créée
2025-05-28 22:53:42,018 - EduLocker.Locker - INFO - Monitoring (potentiellement agressif) démarré
2025-05-28 22:53:42,019 - EduLocker.Locker - INFO - Démarrage de l'interface de verrouillage
2025-05-28 22:54:02,453 - EduLocker.Locker - INFO - Tentative de déverrouillage #1: UNL...
2025-05-28 22:54:02,460 - EduLocker.Locker - INFO - Code de déverrouillage correct
2025-05-28 22:54:02,461 - EduLocker.Locker - INFO - Déverrouillage du système - Raison: Code correct
2025-05-28 22:54:02,467 - EduLocker.Locker - WARNING - Mode agressif : Annulation des verrouillages système.
2025-05-28 22:54:02,469 - EduLocker.Locker - INFO - Tentative de redémarrage du processus explorer.exe.
2025-05-28 22:54:02,474 - EduLocker.Locker - INFO - Commande de redémarrage d'explorer.exe envoyée.
2025-05-28 22:54:02,475 - EduLocker.Locker - WARNING - Impossible de trouver le handle de la barre des tâches.
2025-05-28 22:54:02,477 - EduLocker.Locker - ERROR - Erreur lors de la modification de l'état du Gestionnaire des Tâches : [WinError 5] Accès refusé
2025-05-28 22:54:02,528 - EduLocker.Locker - INFO - Système déverrouillé avec succès
2025-05-28 22:54:02,620 - EduLocker.Locker - INFO - Interface de verrouillage fermée
2025-05-28 22:54:02,626 - EduLocker - INFO - === FIN EDULOCKER POC ===
