2025-05-28 20:57:22,637 - EduLocker - INFO - === DÉMARRAGE EDULOCKER POC ===
2025-05-28 20:57:27,716 - EduLocker.Environment - INFO - Système détecté : Windows 10.0.19045
2025-05-28 20:57:27,717 - EduLocker.Environment - INFO - Architecture : AMD64
2025-05-28 20:57:41,170 - EduLocker - INFO - Démarrage confirmé par l'utilisateur
2025-05-28 20:57:41,171 - EduLocker - INFO - Initialisation du système de verrouillage...
2025-05-28 20:57:41,171 - EduLocker.Locker - INFO - SystemLocker initialisé avec configuration de comportement de verrouillage.
2025-05-28 20:57:41,172 - EduLocker - INFO - Démarrage du verrouillage système...
2025-05-28 20:57:41,172 - EduLocker.Locker - INFO - Début de la séquence de verrouillage
2025-05-28 20:57:44,223 - EduLocker.Locker - WARNING - Mode agressif activé. Application des verrouillages système.
2025-05-28 20:57:44,226 - EduLocker.Locker - ERROR - Erreur lors de la modification de l'état du Gestionnaire des Tâches : [WinError 5] Accès refusé
2025-05-28 20:57:44,232 - EduLocker.Locker - INFO - Barre des tâches masquée.
2025-05-28 20:57:44,237 - EduLocker.Locker - WARNING - Tentative de terminaison du processus explorer.exe (RISQUÉ !)
2025-05-28 20:57:44,535 - EduLocker.Locker - INFO - explorer.exe terminé avec succès.
2025-05-28 20:57:44,538 - EduLocker.Locker - INFO - Verrouillage système activé (interface)
2025-05-28 20:57:45,316 - EduLocker.Locker - INFO - Interface de verrouillage créée
2025-05-28 20:57:45,318 - EduLocker.Locker - INFO - Monitoring (potentiellement agressif) démarré
2025-05-28 20:57:45,319 - EduLocker.Locker - INFO - Démarrage de l'interface de verrouillage
2025-05-28 20:58:08,434 - EduLocker.Locker - INFO - Tentative de déverrouillage #1: UNL...
2025-05-28 20:58:08,438 - EduLocker.Locker - WARNING - Code incorrect: UNLOCK2024
2025-05-28 20:58:22,621 - EduLocker.Locker - INFO - Tentative de déverrouillage #2: fgh...
2025-05-28 20:58:22,624 - EduLocker.Locker - WARNING - Code incorrect: fghkh
2025-05-28 20:58:36,884 - EduLocker.Locker - INFO - Tentative de raccourci détectée : Alt_L
